{
  "RSpec": {
    "coverage": {
      "/mnt/c/Users/ataub/OneDrive/Desktop/CSProjects/Stack-Overflow-Clone/spec/helpers/home_helper_spec.rb": {
        "lines": [
          1,
          null,
          null,
          null,
          null,
          null,
          null,
          null,
          null,
          null,
          null,
          null,
          0,
          0,
          null
        ]
      },
      "/mnt/c/Users/ataub/OneDrive/Desktop/CSProjects/Stack-Overflow-Clone/spec/rails_helper.rb": {
        "lines": [
          null,
          1,
          1,
          1,
          null,
          1,
          null,
          null,
          null,
          1,
          null,
          null,
          null,
          null,
          null,
          null,
          null,
          null,
          null,
          null,
          null,
          null,
          null,
          null,
          null,
          null,
          null,
          null,
          null,
          null,
          1,
          null,
          1,
          null,
          0,
          null,
          0,
          null,
          null,
          null,
          null,
          null,
          null,
          0,
          null,
          null,
          null,
          null,
          null,
          null,
          null,
          null,
          null,
          null,
          null,
          null,
          null,
          null,
          null,
          null,
          null,
          0,
          null,
          null,
          0,
          null,
          null,
          null
        ]
      },
      "/mnt/c/Users/ataub/OneDrive/Desktop/CSProjects/Stack-Overflow-Clone/config/environment.rb": {
        "lines": [
          null,
          1,
          null,
          null,
          1
        ]
      },
      "/mnt/c/Users/ataub/OneDrive/Desktop/CSProjects/Stack-Overflow-Clone/config/application.rb": {
        "lines": [
          1,
          null,
          1,
          null,
          1,
          1,
          1,
          1,
          1,
          1,
          1,
          1,
          1,
          1,
          null,
          null,
          null,
          null,
          1,
          null,
          1,
          1,
          null,
          1,
          null,
          null,
          null,
          null,
          1,
          null,
          null,
          null,
          null,
          null,
          null,
          null,
          null,
          null,
          null,
          1,
          null,
          null
        ]
      },
      "/mnt/c/Users/ataub/OneDrive/Desktop/CSProjects/Stack-Overflow-Clone/config/boot.rb": {
        "lines": [
          1,
          null,
          1,
          1
        ]
      },
      "/mnt/c/Users/ataub/OneDrive/Desktop/CSProjects/Stack-Overflow-Clone/config/environments/test.rb": {
        "lines": [
          1,
          null,
          null,
          null,
          null,
          null,
          null,
          1,
          null,
          1,
          1,
          null,
          null,
          null,
          null,
          1,
          null,
          null,
          null,
          null,
          null,
          1,
          null,
          null,
          1,
          null,
          null,
          1,
          1,
          1,
          null,
          null,
          1,
          null,
          null,
          1,
          null,
          null,
          1,
          null,
          null,
          null,
          1,
          null,
          null,
          null,
          null,
          1,
          null,
          null,
          null,
          1,
          null,
          null,
          1,
          null,
          null,
          1,
          null,
          null,
          1,
          null,
          null,
          null,
          null,
          null,
          null,
          null,
          null,
          1,
          null
        ]
      },
      "/mnt/c/Users/ataub/OneDrive/Desktop/CSProjects/Stack-Overflow-Clone/config/initializers/assets.rb": {
        "lines": [
          null,
          null,
          null,
          1,
          null,
          null,
          null,
          null,
          null,
          null,
          null,
          null
        ]
      },
      "/mnt/c/Users/ataub/OneDrive/Desktop/CSProjects/Stack-Overflow-Clone/config/initializers/content_security_policy.rb": {
        "lines": [
          null,
          null,
          null,
          null,
          null,
          null,
          null,
          null,
          null,
          null,
          null,
          null,
          null,
          null,
          null,
          null,
          null,
          null,
          null,
          null,
          null,
          null,
          null,
          null,
          null
        ]
      },
      "/mnt/c/Users/ataub/OneDrive/Desktop/CSProjects/Stack-Overflow-Clone/config/initializers/devise.rb": {
        "lines": [
          null,
          null,
          null,
          null,
          null,
          null,
          null,
          null,
          null,
          null,
          1,
          null,
          null,
          null,
          null,
          null,
          null,
          null,
          null,
          null,
          null,
          null,
          null,
          null,
          null,
          null,
          1,
          null,
          null,
          null,
          null,
          null,
          null,
          null,
          null,
          null,
          null,
          null,
          1,
          null,
          null,
          null,
          null,
          null,
          null,
          null,
          null,
          null,
          null,
          null,
          null,
          null,
          null,
          null,
          null,
          null,
          null,
          null,
          null,
          null,
          1,
          null,
          null,
          null,
          null,
          1,
          null,
          null,
          null,
          null,
          null,
          null,
          null,
          null,
          null,
          null,
          null,
          null,
          null,
          null,
          null,
          null,
          null,
          null,
          null,
          null,
          null,
          null,
          null,
          null,
          null,
          null,
          null,
          null,
          null,
          null,
          null,
          null,
          null,
          1,
          null,
          null,
          null,
          null,
          null,
          null,
          null,
          null,
          null,
          null,
          null,
          null,
          null,
          null,
          null,
          null,
          null,
          null,
          null,
          null,
          null,
          null,
          null,
          null,
          null,
          1,
          null,
          null,
          null,
          null,
          null,
          null,
          null,
          null,
          null,
          null,
          null,
          null,
          null,
          null,
          null,
          null,
          null,
          null,
          null,
          null,
          null,
          null,
          null,
          null,
          null,
          null,
          null,
          null,
          null,
          null,
          null,
          null,
          null,
          1,
          null,
          null,
          null,
          null,
          null,
          null,
          null,
          null,
          null,
          1,
          null,
          null,
          null,
          null,
          null,
          null,
          null,
          null,
          null,
          null,
          1,
          null,
          null,
          null,
          null,
          1,
          null,
          null,
          null,
          null,
          null,
          null,
          null,
          null,
          null,
          null,
          null,
          null,
          null,
          null,
          null,
          null,
          null,
          null,
          null,
          null,
          null,
          null,
          null,
          null,
          null,
          null,
          null,
          null,
          null,
          null,
          null,
          null,
          null,
          null,
          null,
          null,
          null,
          null,
          null,
          null,
          1,
          null,
          null,
          null,
          null,
          null,
          null,
          null,
          null,
          null,
          null,
          null,
          null,
          null,
          null,
          null,
          null,
          null,
          null,
          null,
          null,
          null,
          null,
          null,
          null,
          null,
          null,
          null,
          null,
          null,
          null,
          null,
          null,
          null,
          null,
          null,
          null,
          null,
          null,
          null,
          null,
          null,
          1,
          null,
          null,
          null,
          null,
          null,
          null,
          null,
          null,
          null,
          null,
          null,
          null,
          null,
          null,
          null,
          null,
          null,
          null,
          null,
          null,
          null,
          null,
          null,
          null,
          null,
          null,
          null,
          null,
          null,
          null,
          null,
          null,
          null,
          null,
          null,
          1,
          1,
          null,
          null,
          null,
          null,
          null,
          null,
          null
        ]
      },
      "/mnt/c/Users/ataub/OneDrive/Desktop/CSProjects/Stack-Overflow-Clone/config/initializers/filter_parameter_logging.rb": {
        "lines": [
          null,
          null,
          null,
          null,
          null,
          1,
          null,
          null
        ]
      },
      "/mnt/c/Users/ataub/OneDrive/Desktop/CSProjects/Stack-Overflow-Clone/config/initializers/inflections.rb": {
        "lines": [
          null,
          null,
          null,
          null,
          null,
          null,
          null,
          null,
          null,
          null,
          null,
          null,
          null,
          null,
          null,
          null
        ]
      },
      "/mnt/c/Users/ataub/OneDrive/Desktop/CSProjects/Stack-Overflow-Clone/config/initializers/permissions_policy.rb": {
        "lines": [
          null,
          null,
          null,
          null,
          null,
          null,
          null,
          null,
          null,
          null,
          null,
          null,
          null
        ]
      },
      "/mnt/c/Users/ataub/OneDrive/Desktop/CSProjects/Stack-Overflow-Clone/config/routes.rb": {
        "lines": [
          1,
          1,
          1,
          1,
          1,
          1,
          1,
          null,
          1,
          1,
          null,
          null,
          null,
          null,
          1,
          null,
          null,
          1,
          1,
          null,
          null,
          1,
          null
        ]
      },
      "/mnt/c/Users/ataub/OneDrive/Desktop/CSProjects/Stack-Overflow-Clone/app/models/user.rb": {
        "lines": [
          1,
          null,
          null,
          1,
          null,
          null,
          1,
          1,
          1,
          null
        ]
      },
      "/mnt/c/Users/ataub/OneDrive/Desktop/CSProjects/Stack-Overflow-Clone/app/models/application_record.rb": {
        "lines": [
          1,
          1,
          null
        ]
      },
      "/mnt/c/Users/ataub/OneDrive/Desktop/CSProjects/Stack-Overflow-Clone/app/helpers/application_helper.rb": {
        "lines": [
          1,
          null
        ]
      },
      "/mnt/c/Users/ataub/OneDrive/Desktop/CSProjects/Stack-Overflow-Clone/app/helpers/home_helper.rb": {
        "lines": [
          1,
          null
        ]
      },
      "/mnt/c/Users/ataub/OneDrive/Desktop/CSProjects/Stack-Overflow-Clone/app/helpers/posts_helper.rb": {
        "lines": [
          1,
          null
        ]
      },
      "/mnt/c/Users/ataub/OneDrive/Desktop/CSProjects/Stack-Overflow-Clone/app/helpers/replies_helper.rb": {
        "lines": [
          1,
          null
        ]
      },
      "/mnt/c/Users/ataub/OneDrive/Desktop/CSProjects/Stack-Overflow-Clone/app/helpers/tags_helper.rb": {
        "lines": [
          1,
          null
        ]
      }
    },
    "timestamp": 1731562221
  }
}
